Array
(
    [fullName] => Louis Ngatia Muturi
    [email] => louisngatia47@gmail.com
    [password] => 12345678
)
Array
(
    [fullName] => Louis Ngatia Muturi
    [email] => louisngatia47@gmail.com
    [password] => 123456789
)
Array
(
    [fullName] => Louis Ngatia Muturi
    [email] => luizmtui@gmail.com
    [password] => 123456789
)
Array
(
    [fullName] => Louis Ngatia Muturi
    [email] => louisngatia47@gmail.com
    [password] => 12345678
)
Array
(
    [fullName] => Louis Ngatia Muturi
    [email] => louisngatia47@gmail.com
    [password] => 12345678
)
Array
(
    [fullName] => Louis Ngatia Muturi
    [email] => louisngatia47@gmail.com
    [password] => 12345678
)
Array
(
    [fullName] => Louis Ngatia Muturi
    [email] => louisngatia47@gmail.com
    [password] => 12345678
)
Array
(
    [fullName] => Louis Ngatia Muturi
    [email] => louisngatia47@gmail.com
    [password] => 12345678
)
Array
(
    [fullName] => luiz michaels
    [email] => luizmtui@gmail.com
    [password] => 12345678
)
Array
(
    [fullName] => luiz michaels
    [email] => Louis.Muturi@strathmore.edu
    [password] => 12345678
)
Array
(
    [fullName] => luiz michaels
    [email] => Louis.Muturi@strathmore.edu
    [password] => 12345678
)
Array
(
    [fullName] => luiz michaels
    [email] => Louis.Muturi@strathmore.edu
    [password] => 12345678
)
Array
(
    [fullName] => luiz michaels
    [email] => Louis.Muturi@strathmore.edu
    [password] => 12345678
)
Array
(
    [fullName] => luiz michaels
    [email] => Louis.Muturi@strathmore.edu
    [password] => 12345678
)
Array
(
    [fullName] => luiz michaels
    [email] => luizmtui@gmail.com
    [password] => 12345678
)
Array
(
    [fullName] => luiz michaels
    [email] => luizmtui@gmail.com
    [password] => 12345678
)
Array
(
    [fullName] => luiz michaels
    [email] => luizmtui@gmail.com
    [password] => 12345678
)
Array
(
    [fullName] => luiz michaels
    [email] => luizmtui@gmail.com
    [password] => 12345678
)
Array
(
    [fullName] => luiz michaels
    [email] => luizmtui@gmail.com
    [password] => 12345678
)
Array
(
    [fullName] => luiz michaels
    [email] => luizmtui@gmail.com
    [password] => 12345678
)
